<?xml version="1.0" encoding="UTF-8"?>
<!-- Generated by org.testng.reporters.JUnitReportReporter -->
<testsuite hostname="LAPTOP-IV6H7FE6" failures="0" tests="1" name="driverFactory.AppTest" time="50.979" errors="0" timestamp="2024-11-14T17:27:14 IST" skipped="0">
  <testcase classname="driverFactory.AppTest" name="kickStart" time="50.979">
    <system-out>
      <![CDATA[no of rows are ::4
Stock-000003486  Stock-000003486
Supplier-00000007480  Supplier-00000007480]]>
    </system-out>
  </testcase> <!-- kickStart -->
  <system-out>
    <![CDATA[no of rows are ::4
Stock-000003486  Stock-000003486
Supplier-00000007480  Supplier-00000007480]]>
  </system-out>
</testsuite> <!-- driverFactory.AppTest -->
