<?xml version="1.0" encoding="UTF-8"?>
<!-- Generated by org.testng.reporters.JUnitReportReporter -->
<testsuite hostname="LAPTOP-IV6H7FE6" failures="0" tests="1" name="driverFactory.AppTest" time="24.201" errors="0" timestamp="2024-11-13T16:03:23 IST" skipped="0">
  <testcase classname="driverFactory.AppTest" name="kickStart" time="24.201">
    <system-out>
      <![CDATA[no of rows are ::4]]>
    </system-out>
  </testcase> <!-- kickStart -->
  <system-out>
    <![CDATA[no of rows are ::4]]>
  </system-out>
</testsuite> <!-- driverFactory.AppTest -->
